Using pre-set license
Built from '2020.3/staging' branch; Version is '2020.3.0f1 (c7b5465681fb) revision 13088070'; Using compiler version '192528614'; Build Type 'Release'
OS: 'Windows 10 Home; OS build 19041.867; Version 2004; 64bit' Language: 'en' Physical Memory: 32646 MB
BatchMode: 1, IsHumanControllingUs: 0, StartBugReporterOnCrash: 0, Is64bit: 1, IsPro: 0

 COMMAND LINE ARGUMENTS:
D:\Unity Engines\2020.3.0f1\Editor\Unity.exe
-adb2
-batchMode
-noUpm
-name
AssetImportWorker0
-projectPath
C:/Users/ec17k/Downloads/GAME3033-LAb12-main/GAME3033-LAb12-main
-logFile
Logs/AssetImportWorker0.log
-srvPort
55060
Successfully changed project path to: C:/Users/ec17k/Downloads/GAME3033-LAb12-main/GAME3033-LAb12-main
C:/Users/ec17k/Downloads/GAME3033-LAb12-main/GAME3033-LAb12-main
Using Asset Import Pipeline V2.
Refreshing native plugins compatible for Editor in 71.43 ms, found 0 plugins.
Preloading 0 native plugins for Editor in 0.00 ms.
Initialize engine version: 2020.3.0f1 (c7b5465681fb)
[Subsystems] Discovering subsystems at path D:/Unity Engines/2020.3.0f1/Editor/Data/Resources/UnitySubsystems
[Subsystems] Discovering subsystems at path C:/Users/ec17k/Downloads/GAME3033-LAb12-main/GAME3033-LAb12-main/Assets
GfxDevice: creating device client; threaded=0
Direct3D:
    Version:  Direct3D 11.0 [level 11.1]
    Renderer: Radeon Pro 570X (ID=0x67df)
    Vendor:   
    VRAM:     4076 MB
    Driver:   25.20.15024.4
Initialize mono
Mono path[0] = 'D:/Unity Engines/2020.3.0f1/Editor/Data/Managed'
Mono path[1] = 'D:/Unity Engines/2020.3.0f1/Editor/Data/MonoBleedingEdge/lib/mono/unityjit'
Mono config path = 'D:/Unity Engines/2020.3.0f1/Editor/Data/MonoBleedingEdge/etc'
Using monoOptions --debugger-agent=transport=dt_socket,embedding=1,server=y,suspend=n,address=127.0.0.1:56876
Begin MonoManager ReloadAssembly
Registering precompiled unity dll's ...
Register platform support module: D:/Unity Engines/2020.3.0f1/Editor/Data/PlaybackEngines/MacStandaloneSupport/UnityEditor.OSXStandalone.Extensions.dll
Register platform support module: D:/Unity Engines/2020.3.0f1/Editor/Data/PlaybackEngines/WindowsStandaloneSupport/UnityEditor.WindowsStandalone.Extensions.dll
Registered in 0.001898 seconds.
Native extension for WindowsStandalone target not found
Native extension for OSXStandalone target not found
Refreshing native plugins compatible for Editor in 73.86 ms, found 0 plugins.
Preloading 0 native plugins for Editor in 0.00 ms.
Invoked RoslynAnalysisRunner static constructor.
RoslynAnalysisRunner will not be running.
RoslynAnalysisRunner has terminated.
Mono: successfully reloaded assembly
- Completed reload, in  1.037 seconds
Platform modules already initialized, skipping
Registering precompiled user dll's ...
Registered in 0.001144 seconds.
Begin MonoManager ReloadAssembly
Native extension for WindowsStandalone target not found
Native extension for OSXStandalone target not found
Refreshing native plugins compatible for Editor in 74.10 ms, found 0 plugins.
Preloading 0 native plugins for Editor in 0.00 ms.
Invoked RoslynAnalysisRunner static constructor.
RoslynAnalysisRunner will not be running.
RoslynAnalysisRunner has terminated.
Mono: successfully reloaded assembly
- Completed reload, in  0.949 seconds
Platform modules already initialized, skipping
========================================================================
Worker process is ready to serve import requests
Launched and connected shader compiler UnityShaderCompiler.exe after 0.05 seconds
Refreshing native plugins compatible for Editor in 0.75 ms, found 0 plugins.
Preloading 0 native plugins for Editor in 0.00 ms.
Unloading 1980 Unused Serialized files (Serialized files now loaded: 0)
System memory in use before: 106.2 MB.
System memory in use after: 106.2 MB.

Unloading 13 unused Assets to reduce memory usage. Loaded Objects now: 2443.
Total: 2.140200 ms (FindLiveObjects: 0.214900 ms CreateObjectMapping: 0.143100 ms MarkObjects: 1.687400 ms  DeleteObjects: 0.093900 ms)

========================================================================
Received Import Request.
  path: Assets/ProBuilder Data/Default Material Palette.asset
  artifactKey: Guid(a74c40dc81be3f84691095e710175d52) Importer(815301076,1909f56bfc062723c751e8b465ee728b)
Start importing Assets/ProBuilder Data/Default Material Palette.asset using Guid(a74c40dc81be3f84691095e710175d52) Importer(815301076,1909f56bfc062723c751e8b465ee728b)  -> (artifact id: '88d9b3bfce2a9c91282336ffbb40f27d') in 0.045198 seconds
  Import took 0.048427 seconds .

========================================================================
Received Import Request.
  Time since last request: 0.000258 seconds.
  path: Assets/Input/PlayerInputActions.inputactions
  artifactKey: Guid(70a1826718bdbc14aadc0b831db7d42c) Importer(815301076,1909f56bfc062723c751e8b465ee728b)
Start importing Assets/Input/PlayerInputActions.inputactions using Guid(70a1826718bdbc14aadc0b831db7d42c) Importer(815301076,1909f56bfc062723c751e8b465ee728b)  -> (artifact id: '8f6f4a119b8e109d57404cc405aaaaaa') in 0.017239 seconds
  Import took 0.020182 seconds .

AssetImportWorkerClient::OnTransportError - code=2 error=End of file
